make all --print-data-base --no-builtin-variables --no-builtin-rules --question
/bin/sh: 1: src/main.cpp: Permission denied

# GNU Make 4.2.1
# Built for x86_64-pc-linux-gnu
# Copyright (C) 1988-2016 Free Software Foundation, Inc.
# License GPLv3+: GNU GPL version 3 or later <http://gnu.org/licenses/gpl.html>
# This is free software: you are free to change and redistribute it.
# There is NO WARRANTY, to the extent permitted by law.

# Make data base, printed on Mon Aug 15 15:18:18 2022

# Variables

# automatic
<D = $(patsubst %/,%,$(dir $<))
# automatic
?F = $(notdir $?)
# environment
DESKTOP_SESSION = cinnamon
# default
.SHELLFLAGS := -c
# makefile (from 'Makefile', line 18)
OBJ = $(SRC:$(SRCDIR)/%$(EXT)=$(OBJDIR)/%.o)
# environment
XDG_SESSION_CLASS = user
# makefile (from 'Makefile', line 17)
SRC = $(wildcard $(SRCDIR)/*$(EXT))
# environment
XDG_SESSION_TYPE = x11
# environment
GTK3_MODULES = xapp-gtk3-module
# automatic
?D = $(patsubst %/,%,$(dir $?))
# environment
PLATFORMIO_IDE = 2.5.2
# automatic
@D = $(patsubst %/,%,$(dir $@))
# environment
XAUTHORITY = /home/inge-tim2/.Xauthority
# environment
GDMSESSION = cinnamon
# environment
XMODIFIERS = @im=fcitx
# makefile
CURDIR := /home/inge-tim2/Documents/Prog/C++/Puissance4
# makefile
SHELL = /bin/sh
# makefile (from 'Makefile', line 21)
RM = rm
# environment
GDM_LANG = fr_FR
# environment
VSCODE_NLS_CONFIG = {"locale":"fr","availableLanguages":{"*":"fr"},"_languagePackId":"c7e2ab29f04a1f7605fe59032ea1fa0d.fr","_translationsConfigFile":"/home/inge-tim2/.config/Code/clp/c7e2ab29f04a1f7605fe59032ea1fa0d.fr/tcf.json","_cacheRoot":"/home/inge-tim2/.config/Code/clp/c7e2ab29f04a1f7605fe59032ea1fa0d.fr","_resolvedLanguagePackCoreLocation":"/home/inge-tim2/.config/Code/clp/c7e2ab29f04a1f7605fe59032ea1fa0d.fr/6d9b74a70ca9c7733b29f0456fd8195364076dda","_corruptedFile":"/home/inge-tim2/.config/Code/clp/c7e2ab29f04a1f7605fe59032ea1fa0d.fr/corrupted.info","_languagePackSupport":true}
# environment
_ = /usr/share/code/code
# environment
XDG_CONFIG_DIRS = /etc/xdg/xdg-cinnamon:/etc/xdg
# environment
GTK_OVERLAY_SCROLLING = 1
# makefile (from 'main.d', line 1)
MAKEFILE_LIST :=  Makefile Power4.d main.d
# automatic
@F = $(notdir $@)
# environment
GIO_LAUNCHED_DESKTOP_FILE = /usr/share/applications/code.desktop
# environment
QT_IM_MODULE = fcitx
# 'override' directive
GNUMAKEFLAGS := 
# makefile (from 'Makefile', line 7)
CXXFLAGS = -std=c++11 -Wall
# environment
MANDATORY_PATH = /usr/share/gconf/cinnamon.mandatory.path
# environment
XDG_DATA_DIRS = /usr/share/cinnamon:/usr/share/gnome:/home/inge-tim2/.local/share/flatpak/exports/share:/var/lib/flatpak/exports/share:/usr/local/share:/usr/share:/var/lib/snapd/desktop
# environment
DBUS_SESSION_BUS_ADDRESS = unix:path=/run/user/1002/bus
# makefile (from 'Makefile', line 24)
DEL = del
# environment
CLUTTER_IM_MODULE = fcitx
# environment
LESSOPEN = | /usr/bin/lesspipe %s
# environment
VSCODE_CWD = /home/inge-tim2
# environment
XDG_SESSION_PATH = /org/freedesktop/DisplayManager/Session0
# default
MAKE_HOST := x86_64-pc-linux-gnu
# environment
NO_PROXY = 127.0.0.1
# environment
GPG_AGENT_INFO = /run/user/1002/gnupg/S.gpg-agent:0:1
# makefile (from 'Makefile', line 19)
DEP = $(OBJ:$(OBJDIR)/%.o=%.d)
# environment
SESSION_MANAGER = local/ingetim-N24-25JU:@/tmp/.ICE-unix/1562,unix/ingetim-N24-25JU:/tmp/.ICE-unix/1562
# environment
XDG_RUNTIME_DIR = /run/user/1002
# environment
CONDA_PREFIX = /home/inge-tim2/.anaconda3
# environment
ELECTRON_RUN_AS_NODE = 1
# makefile (from 'Makefile', line 8)
LDFLAGS = 
# default
.FEATURES := target-specific order-only second-expansion else-if shortest-stem undefine oneshell archives jobserver output-sync check-symlink load
# environment
XDG_GREETER_DATA_DIR = /var/lib/lightdm-data/inge-tim
# environment
LS_COLORS = 
# environment
XDG_SESSION_DESKTOP = cinnamon
# environment
SSH_AUTH_SOCK = /run/user/1002/keyring/ssh
# environment
GIO_LAUNCHED_DESKTOP_FILE_PID = 54942
# automatic
%F = $(notdir $%)
# environment
DISPLAY = :0
# environment
CONDA_EXE = /home/inge-tim2/.anaconda3/bin/conda
# makefile (from 'Makefile', line 13)
SRCDIR = src
# environment
GTK_IM_MODULE = fcitx
# environment
PWD = /home/inge-tim2/Documents/Prog/C++/Puissance4
# environment
QT_QPA_PLATFORMTHEME = qt5ct
# default
.LOADED := 
# environment
XDG_SEAT = seat0
# environment
SSH_AGENT_PID = 1642
# environment
ORIGINAL_XDG_CURRENT_DESKTOP = X-Cinnamon
# environment
GTK_MODULES = gail:atk-bridge
# environment
VSCODE_AMD_ENTRYPOINT = vs/workbench/api/node/extensionHostProcess
# environment
HOME = /home/inge-tim2
# environment
LESSCLOSE = /usr/bin/lesspipe %s %s
# environment
VSCODE_CODE_CACHE_PATH = /home/inge-tim2/.config/Code/CachedData/6d9b74a70ca9c7733b29f0456fd8195364076dda
# environment
LOGNAME = inge-tim
# environment
APPLICATION_INSIGHTS_NO_DIAGNOSTIC_CHANNEL = true
# makefile (from 'Makefile', line 22)
DELOBJ = $(OBJ)
# environment
CONDA_PROMPT_MODIFIER = (base) 
# environment
VSCODE_HANDLES_UNCAUGHT_ERRORS = true
# default
MAKE_VERSION := 4.2.1
# environment
GNOME_DESKTOP_SESSION_ID = this-is-deprecated
# automatic
^D = $(patsubst %/,%,$(dir $^))
# environment
XDG_VTNR = 7
# environment
MAKELEVEL := 0
# environment
CONDA_DEFAULT_ENV = base
# environment
PLATFORMIO_PATH = /home/inge-tim2/.platformio/python3/bin:/home/inge-tim2/.local/bin:/home/inge-tim2/.anaconda3/bin:/home/inge-tim2/.anaconda3/condabin:/home/inge-tim2/.local/bin:/usr/local/sbin:/usr/local/bin:/usr/sbin:/usr/bin:/sbin:/bin:/usr/games:/usr/local/games:/snap/bin:/home/inge-tim2/.dotnet/tools:/home/inge-tim2/.dotnet/tools
# default
MAKE = $(MAKE_COMMAND)
# default
MAKECMDGOALS := all
# environment
PATH = /home/inge-tim2/.local/bin:/home/inge-tim2/.anaconda3/bin:/home/inge-tim2/.anaconda3/condabin:/home/inge-tim2/.local/bin:/usr/local/sbin:/usr/local/bin:/usr/sbin:/usr/bin:/sbin:/bin:/usr/games:/usr/local/games:/snap/bin:/home/inge-tim2/.dotnet/tools:/home/inge-tim2/.dotnet/tools
# environment
SHLVL = 0
# makefile (from 'Makefile', line 6)
CC = g++
# environment
XDG_SESSION_ID = c2
# environment
USER = inge-tim
# makefile
.DEFAULT_GOAL := all
# environment
XDG_CURRENT_DESKTOP = X-Cinnamon
# automatic
%D = $(patsubst %/,%,$(dir $%))
# environment
CONDA_SHLVL = 1
# default
MAKE_COMMAND := make
# default
.VARIABLES := 
# automatic
*F = $(notdir $*)
# environment
LANGUAGE = fr_FR
# environment
XDG_SEAT_PATH = /org/freedesktop/DisplayManager/Seat0
# environment
VSCODE_IPC_HOOK = /run/user/1002/vscode-f436be72-1.70.1-main.sock
# makefile (from 'Makefile', line 12)
EXT = .cpp
# makefile
MAKEFLAGS = pqrR
# environment
MFLAGS = -pqrR
# automatic
*D = $(patsubst %/,%,$(dir $*))
# automatic
+D = $(patsubst %/,%,$(dir $+))
# environment
GDK_BACKEND = x11
# automatic
+F = $(notdir $+)
# environment
CINNAMON_VERSION = 5.2.7
# makefile (from 'Makefile', line 11)
APPNAME = Puissance4
# environment
QT_ACCESSIBILITY = 1
# environment
DEFAULTS_PATH = /usr/share/gconf/cinnamon.default.path
# default
MAKEFILES := 
# automatic
<F = $(notdir $<)
# environment
PLATFORMIO_CALLER = vscode
# makefile (from 'Makefile', line 14)
OBJDIR = obj
# environment
LC_ALL = C
# makefile (from 'Makefile', line 26)
WDELOBJ = $(SRC:$(SRCDIR)/%$(EXT)=$(OBJDIR)\\%.o)
# environment
CONDA_PYTHON_EXE = /home/inge-tim2/.anaconda3/bin/python
# environment
QT4_IM_MODULE = fcitx
# environment
GJS_DEBUG_TOPICS = JS ERROR;JS LOG
# automatic
^F = $(notdir $^)
# default
SUFFIXES := 
# environment
_CE_M = 
# environment
CHROME_DESKTOP = code-url-handler.desktop
# default
.INCLUDE_DIRS = /usr/include /usr/local/include /usr/include
# environment
GJS_DEBUG_OUTPUT = stderr
# default
.RECIPEPREFIX := 
# makefile (from 'Makefile', line 25)
EXE = .exe
# environment
LANG = C
# environment
VSCODE_PID = 54942
# environment
_CE_CONDA = 
# variable set hash-table stats:
# Load=128/1024=12%, Rehash=0, Collisions=28/191=15%

# Pattern-specific Variable Values

# No pattern-specific variable values.

# Directories

# . (device 2048, inode 6820073): 9 files, no impossibilities.
# src (device 2048, inode 6820090): 5 files, no impossibilities.

 
# 14 files, no impossibilities in 2 directories.

# Implicit Rules

%.d: src/%.cpp
#  recipe to execute (from 'Makefile', line 40):
	@$(CPP) $(CFLAGS) $< -MM -MT $(@:%.d=$(OBJDIR)/%.o) >$@

obj/%.o: src/%.cpp
#  recipe to execute (from 'Makefile', line 47):
	$(CC) $(CXXFLAGS) -o $@ -c $<

# 2 implicit rules, 0 (0.0%) terminal.

# Files

all: Puissance4
#  Command line target.
#  Implicit rule search has been done.
#  File does not exist.
#  File has been updated.
#  Needs to be updated (-q is set).
# variable set hash-table stats:
# Load=0/32=0%, Rehash=0, Collisions=0/5=0%

.PHONY: clean cleandep cleanw cleandepw
#  Implicit rule search has not been done.
#  Modification time never checked.
#  File has not been updated.

obj/main.o: src/main.cpp src/include/Power4.hpp
#  Implicit rule search has not been done.
#  Modification time never checked.
#  File has not been updated.

# Not a target:
Makefile:
#  Implicit rule search has been done.
#  Last modified 2022-07-25 17:12:31.744328365
#  File has been updated.
#  Successfully updated.

obj/Power4.o: src/Power4.cpp src/Power4.cpp src/include/Power4.hpp
#  Implicit rule search has been done.
#  Implicit/static pattern stem: 'Power4'
#  Last modified 2022-08-14 15:05:43.821593424
#  File has been updated.
#  Needs to be updated (-q is set).
# automatic
# @ := obj/Power4.o
# automatic
# % := 
# automatic
# * := Power4
# automatic
# + := src/Power4.cpp src/Power4.cpp src/include/Power4.hpp
# automatic
# | := 
# automatic
# < := src/Power4.cpp
# automatic
# ^ := src/Power4.cpp src/include/Power4.hpp
# automatic
# ? := src/Power4.cpp
# variable set hash-table stats:
# Load=8/32=25%, Rehash=0, Collisions=1/15=7%
#  recipe to execute (from 'Makefile', line 47):
	$(CC) $(CXXFLAGS) -o $@ -c $<

cleanw:
#  Phony target (prerequisite of .PHONY).
#  Implicit rule search has not been done.
#  File does not exist.
#  File has not been updated.
#  recipe to execute (from 'Makefile', line 64):
	$(DEL) $(WDELOBJ) $(DEP) $(APPNAME)$(EXE)

Puissance4: obj/Power4.o obj/main.o
#  Implicit rule search has not been done.
#  Last modified 2022-08-14 15:05:43.993597538
#  File has been updated.
#  Needs to be updated (-q is set).
# variable set hash-table stats:
# Load=0/32=0%, Rehash=0, Collisions=0/5=0%
#  recipe to execute (from 'Makefile', line 36):
	$(CC) $(CXXFLAGS) -o $@ $^ $(LDFLAGS)

main.d: src/main.cpp
#  Implicit rule search has been done.
#  Implicit/static pattern stem: 'main'
#  Modification time never checked.
#  File has been updated.
#  Failed to be updated.
# automatic
# @ := main.d
# automatic
# % := 
# automatic
# * := main
# automatic
# + := src/main.cpp
# automatic
# | := 
# automatic
# < := src/main.cpp
# automatic
# ^ := src/main.cpp
# automatic
# ? := src/main.cpp
# variable set hash-table stats:
# Load=8/32=25%, Rehash=0, Collisions=1/17=6%
#  recipe to execute (from 'Makefile', line 40):
	@$(CPP) $(CFLAGS) $< -MM -MT $(@:%.d=$(OBJDIR)/%.o) >$@

Power4.d: src/Power4.cpp
#  Implicit rule search has been done.
#  Implicit/static pattern stem: 'Power4'
#  Last modified 2022-08-15 15:18:09.838577729
#  File has been updated.
#  Successfully updated.
#  recipe to execute (from 'Makefile', line 40):
	@$(CPP) $(CFLAGS) $< -MM -MT $(@:%.d=$(OBJDIR)/%.o) >$@

# Not a target:
.DEFAULT:
#  Implicit rule search has not been done.
#  Modification time never checked.
#  File has not been updated.

cleandep:
#  Phony target (prerequisite of .PHONY).
#  Implicit rule search has not been done.
#  File does not exist.
#  File has not been updated.
#  recipe to execute (from 'Makefile', line 58):
	$(RM) $(DEP)

cleandepw:
#  Phony target (prerequisite of .PHONY).
#  Implicit rule search has not been done.
#  File does not exist.
#  File has not been updated.
#  recipe to execute (from 'Makefile', line 69):
	$(DEL) $(DEP)

# Not a target:
src/include/Power4.hpp:
#  Implicit rule search has been done.
#  Last modified 2022-08-09 17:35:50.830123224
#  File has been updated.
#  Successfully updated.

clean:
#  Phony target (prerequisite of .PHONY).
#  Implicit rule search has not been done.
#  File does not exist.
#  File has not been updated.
#  recipe to execute (from 'Makefile', line 53):
	$(RM) $(DELOBJ) $(DEP) $(APPNAME)

# Not a target:
src/main.cpp:
#  Implicit rule search has been done.
#  Last modified 2022-08-15 15:18:11.930629983
#  File has been updated.
#  Successfully updated.

# Not a target:
src/Power4.cpp:
#  Implicit rule search has been done.
#  Last modified 2022-08-14 15:05:56.161888559
#  File has been updated.
#  Successfully updated.

# files hash-table stats:
# Load=17/1024=2%, Rehash=0, Collisions=0/60=0%
# VPATH Search Paths

# No 'vpath' search paths.

# No general ('VPATH' variable) search path.

# strcache buffers: 1 (0) / strings = 32 / storage = 288 B / avg = 9 B
# current buf: size = 8162 B / used = 288 B / count = 32 / avg = 9 B

# strcache performance: lookups = 76 / hit rate = 57%
# hash-table stats:
# Load=32/8192=0%, Rehash=0, Collisions=2/76=3%
# Finished Make data base on Mon Aug 15 15:18:19 2022

 
